<?xml version="1.0" encoding="UTF-8"?>
<testng-results ignored="0" total="2" passed="2" failed="0" skipped="0">
  <reporter-output>
  </reporter-output>
  <suite started-at="2022-01-07T12:19:39 IST" name="automated_animalBiome" finished-at="2022-01-07T12:20:39 IST" duration-ms="60199">
    <groups>
    </groups>
    <test started-at="2022-01-07T12:19:39 IST" name="Exist_user" finished-at="2022-01-07T12:20:04 IST" duration-ms="25165">
      <class name="animalBiome_Release.Signin_Existing_User">
        <test-method signature="start()[pri:1, instance:animalBiome_Release.Signin_Existing_User@2cf92cc7]" started-at="2022-01-07T12:19:39 IST" name="start" finished-at="2022-01-07T12:20:04 IST" duration-ms="25112" status="PASS">
          <reporter-output>
          </reporter-output>
        </test-method> <!-- start -->
      </class> <!-- animalBiome_Release.Signin_Existing_User -->
    </test> <!-- Exist_user -->
    <test started-at="2022-01-07T12:20:05 IST" name="Edit_Cat_profile" finished-at="2022-01-07T12:20:39 IST" duration-ms="34937">
      <class name="animalBiome_Release.Edit_cat_profile">
        <test-method signature="edit_cat_profile()[pri:9, instance:animalBiome_Release.Edit_cat_profile@224b4d61]" started-at="2022-01-07T12:20:05 IST" name="edit_cat_profile" finished-at="2022-01-07T12:20:39 IST" duration-ms="34932" status="PASS">
          <reporter-output>
          </reporter-output>
        </test-method> <!-- edit_cat_profile -->
      </class> <!-- animalBiome_Release.Edit_cat_profile -->
    </test> <!-- Edit_Cat_profile -->
  </suite> <!-- automated_animalBiome -->
</testng-results>
