<?xml version="1.0" encoding="UTF-8"?>
<testng-results ignored="0" total="2" passed="2" failed="0" skipped="0">
  <reporter-output>
  </reporter-output>
  <suite started-at="2021-12-09T22:50:09 IST" name="automated_animalBiome" finished-at="2021-12-09T22:50:29 IST" duration-ms="20554">
    <groups>
    </groups>
    <test started-at="2021-12-09T22:50:09 IST" name="Test" finished-at="2021-12-09T22:50:29 IST" duration-ms="20554">
      <class name="animalBiome_Release.Signup_Newuser">
        <test-method signature="start()[pri:1, instance:animalBiome_Release.Signup_Newuser@7813cb11]" started-at="2021-12-09T22:50:09 IST" name="start" finished-at="2021-12-09T22:50:24 IST" duration-ms="15280" status="PASS">
          <reporter-output>
          </reporter-output>
        </test-method> <!-- start -->
        <test-method signature="signup()[pri:2, instance:animalBiome_Release.Signup_Newuser@7813cb11]" started-at="2021-12-09T22:50:24 IST" name="signup" finished-at="2021-12-09T22:50:29 IST" duration-ms="5206" status="PASS">
          <reporter-output>
          </reporter-output>
        </test-method> <!-- signup -->
      </class> <!-- animalBiome_Release.Signup_Newuser -->
    </test> <!-- Test -->
  </suite> <!-- automated_animalBiome -->
</testng-results>
